<?xml version="1.0" encoding="UTF-8"?>
<!-- Generated by org.testng.reporters.JUnitReportReporter -->
<testsuite hostname="DESKTOP-1MFDUUO" failures="0" tests="1" name="DriverFactory.AppTest" time="101.999" errors="0" timestamp="2023-10-04T10:06:08 IST" skipped="0">
  <testcase classname="DriverFactory.AppTest" name="kickStart" time="101.999"/>
  <system-out/>
</testsuite> <!-- DriverFactory.AppTest -->
