<?xml version="1.0" encoding="UTF-8"?>
<!-- Generated by org.testng.reporters.JUnitReportReporter -->
<testsuite hostname="DESKTOP-1MFDUUO" failures="0" tests="1" name="DriverFactory.AppTest" time="89.045" errors="0" timestamp="2023-09-30T17:43:15 IST" skipped="0">
  <testcase classname="DriverFactory.AppTest" name="kickStart" time="89.045"/>
  <system-out/>
</testsuite> <!-- DriverFactory.AppTest -->
